\BOOKMARK [-1][]{ctitle.-1}{\376\377\127\372\116\216\147\324\140\047\000L\000E\000D\226\065\122\027\166\204\122\033\145\260\116\247\124\301\166\204\170\024\172\166}{}% 1
\BOOKMARK [0][]{thuchapter.1.0}{\376\377\144\130\000\040\211\201}{ctitle.-1}% 2
\BOOKMARK [0][]{thuchapter.2.0}{\376\377\000A\000b\000s\000t\000r\000a\000c\000t}{ctitle.-1}% 3
\BOOKMARK [0][]{thuchapter.3.0}{\376\377\166\356\000\040\137\125}{ctitle.-1}% 4
\BOOKMARK [0][]{thuchapter.4.0}{\376\377\116\073\211\201\173\046\123\367\133\371\161\147\210\150}{ctitle.-1}% 5
\BOOKMARK [0][]{chapter.1}{\376\377\173\054\0001\172\340\000\040\230\171\166\356\200\314\146\157}{ctitle.-1}% 6
\BOOKMARK [0][]{chapter.2}{\376\377\173\054\0002\172\340\000\040\170\024\172\166\213\241\122\022}{ctitle.-1}% 7
\BOOKMARK [0][]{chapter.3}{\376\377\173\054\0003\172\340\000\040\174\173\117\074\116\247\124\301\122\006\147\220}{ctitle.-1}% 8
\BOOKMARK [1][-]{section.3.1}{\376\377\0003\000.\0001\000\040\000T\000h\000e\000\040\000E\000m\000b\000r\000o\000i\000d\000e\000r\000e\000d\000\040\000C\000o\000m\000p\000u\000t\000e\000r\040\024\040\024\122\072\176\343\213\241\173\227\147\072}{chapter.3}% 9
\BOOKMARK [1][-]{section.3.2}{\376\377\0003\000.\0002\000\040\000P\000I\000X}{chapter.3}% 10
\BOOKMARK [1][-]{section.3.3}{\376\377\0003\000.\0003\000\040\000e\000-\000b\000r\000o\000i\000d\000e\000r\000y}{chapter.3}% 11
\BOOKMARK [0][]{chapter.4}{\376\377\173\054\0004\172\340\000\040\142\200\147\057\145\271\150\110\123\312\121\167\117\123\133\236\163\260}{ctitle.-1}% 12
\BOOKMARK [1][-]{section.4.1}{\376\377\0004\000.\0001\000\040\121\103\116\366\220\011\127\213}{chapter.4}% 13
\BOOKMARK [2][-]{subsection.4.1.1}{\376\377\0004\000.\0001\000.\0001\000\040\000W\000S\0002\0008\0001\0002\000\050\000L\000i\000l\000y\000P\000a\000d\000\040\000P\000i\000x\000e\000l\000\051}{section.4.1}% 14
\BOOKMARK [2][-]{subsection.4.1.2}{\376\377\0004\000.\0001\000.\0002\000\040\000F\000L\000O\000R\000A}{section.4.1}% 15
\BOOKMARK [2][-]{subsection.4.1.3}{\376\377\0004\000.\0001\000.\0003\000\040\000T\000G\000A\000M\201\021\165\065\152\041\127\127}{section.4.1}% 16
\BOOKMARK [1][-]{section.4.2}{\376\377\0004\000.\0002\000\040\135\345\202\172\143\242\175\042}{chapter.4}% 17
\BOOKMARK [2][-]{subsection.4.2.1}{\376\377\0004\000.\0002\000.\0001\000\040\176\277\147\120}{section.4.2}% 18
\BOOKMARK [2][-]{subsection.4.2.2}{\376\377\0004\000.\0002\000.\0002\000\040\161\012\166\330}{section.4.2}% 19
\BOOKMARK [2][-]{subsection.4.2.3}{\376\377\0004\000.\0002\000.\0003\000\040\145\164\117\123\165\065\215\357\116\016\136\003\145\231\000/\210\143\162\151\166\204\145\164\124\010}{section.4.2}% 20
\BOOKMARK [1][-]{section.4.3}{\376\377\0004\000.\0003\000\040\145\164\117\123\145\164\124\010}{chapter.4}% 21
\BOOKMARK [0][]{chapter.5}{\376\377\173\054\0005\172\340\000\040\134\125\147\033}{ctitle.-1}% 22
\BOOKMARK [0][]{section*.27}{\376\377\143\322\126\376\175\042\137\025}{ctitle.-1}% 23
\BOOKMARK [0][]{section*.29}{\376\377\210\150\150\074\175\042\137\025}{ctitle.-1}% 24
\BOOKMARK [0][]{section*.31}{\376\377\121\154\137\017\175\042\137\025}{ctitle.-1}% 25
\BOOKMARK [0][]{section*.33}{\376\377\123\302\200\003\145\207\163\056}{ctitle.-1}% 26
